  Installing vcpkg dependencies to C:\Users\hariz\Desktop\UTeM-Hackathon2025\backend-2\vcpkg_installed\x64-windows\
  "C:\Users\hariz\Desktop\UTeM-Hackathon2025\dependencies\vcpkg\vcpkg.exe" install  --x-wait-for-lock --triplet "x64-windows" --vcpkg-root "C:\Users\hariz\Desktop\UTeM-Hackathon2025\dependencies\vcpkg\\" "--x-manifest-root=C:\Users\hariz\Desktop\UTeM-Hackathon2025\backend-2\\" "--x-install-root=C:\Users\hariz\Desktop\UTeM-Hackathon2025\backend-2\vcpkg_installed\x64-windows\\" --feature-flags="versions"
  Detecting compiler hash for triplet x64-windows...
  Compiler found: C:/Program Files/Microsoft Visual Studio/2022/Community/VC/Tools/MSVC/14.43.34808/bin/Hostx64/x64/cl.exe
  The following packages will be built and installed:
      asio:x64-windows@1.32.0
      openssl:x64-windows@3.5.0#1
    * vcpkg-cmake:x64-windows@2024-04-23
    * vcpkg-cmake-config:x64-windows@2024-05-23
    * vcpkg-cmake-get-vars:x64-windows@2024-09-22
      zlib:x64-windows@1.3.1
  Additional packages (*) will be modified to complete this operation.
  Restored 6 package(s) from C:\Users\hariz\AppData\Local\vcpkg\archives in 3 s. Use --debug to see more details.
  Installing 1/6 vcpkg-cmake-config:x64-windows@2024-05-23...
  Elapsed time to handle vcpkg-cmake-config:x64-windows: 13.4 ms
  vcpkg-cmake-config:x64-windows package ABI: c775df2ee4244c0c088ff8fc766668668f2b6b062d09e07892fe77989dee6fd9
  Installing 2/6 vcpkg-cmake:x64-windows@2024-04-23...
  Elapsed time to handle vcpkg-cmake:x64-windows: 22.6 ms
  vcpkg-cmake:x64-windows package ABI: a41d29268e48b859e0182b2cdfea16c5683d953a2fe74a3aacba1b3f85176da9
  Installing 3/6 asio:x64-windows@1.32.0...
  Elapsed time to handle asio:x64-windows: 863 ms
  asio:x64-windows package ABI: 89a068fde07c726b44046f2d29cddbbc43b2065f884371ee49538083973394c9
  Installing 4/6 vcpkg-cmake-get-vars:x64-windows@2024-09-22...
  Elapsed time to handle vcpkg-cmake-get-vars:x64-windows: 37.8 ms
  vcpkg-cmake-get-vars:x64-windows package ABI: bdee5adf30189c674c117f3563c5afee6ccdfa871ff6f2e253aee055b597d862
  Installing 5/6 openssl:x64-windows@3.5.0#1...
  Elapsed time to handle openssl:x64-windows: 203 ms
  openssl:x64-windows package ABI: 676f47886b1d78db957b72b5dcdf5e87a004537fcdc72f3119f9e547944b7b48
  Installing 6/6 zlib:x64-windows@1.3.1...
  Elapsed time to handle zlib:x64-windows: 41.8 ms
  zlib:x64-windows package ABI: 1d1167880ef90e1787945560298fb0b5fa5adeb604308fa844ce2d280efcfccf
  Total install time: 1.2 s
  asio provides CMake targets:
  
    # this is heuristically generated, and may not be correct
    find_package(asio CONFIG REQUIRED)
    target_link_libraries(main PRIVATE asio::asio)
  
  asio provides pkg-config modules:
  
    # A cross-platform C++ library for network and low-level I/O programming that provides developers with a consistent asynchronous model using a modern C++ approach.
    asio
  
  openssl is compatible with built-in CMake targets:
  
    find_package(OpenSSL REQUIRED)
    target_link_libraries(main PRIVATE OpenSSL::SSL)
    target_link_libraries(main PRIVATE OpenSSL::Crypto)
  
  The package zlib is compatible with built-in CMake targets:
  
      find_package(ZLIB REQUIRED)
      target_link_libraries(main PRIVATE ZLIB::ZLIB)
  
  main.cpp
C:\Users\hariz\Desktop\UTeM-Hackathon2025\backend-2\backend-2\main.cpp(7,10): error C1083: Cannot open include file: 'crow_all.h': No such file or directory
